[2025-06-06T09:45:39.169Z] INFO: Server listening on port 3000
[2025-06-06T09:46:26.086Z] INFO: Server listening on port 3000
[2025-06-06T09:49:08.610Z] INFO: Server listening on port 3000
[2025-06-06T09:49:23.914Z] INFO: Received /sheet-updated request
[2025-06-06T09:49:23.915Z] INFO: Processing row number: 6
[2025-06-06T09:49:23.920Z] INFO: Fetching sheet data from range: 'CREATE PDF Form'!A6:AT6
[2025-06-06T09:49:25.095Z] WARN: Signature URL not found for name: นายจิรายุส ทองยศ
[2025-06-06T09:49:25.095Z] INFO: Found signature URL for "นายประเสริฐศักดิ์ เหลือวงศ์": https://drive.google.com/uc?export=view&id=1KXA9o3q_UN1tnlfF-iz0mX9l_xM9Q1qi
[2025-06-06T09:49:25.096Z] INFO: Found signature URL for "นางสาวระพิกร นนท์จุมจัง": https://drive.google.com/uc?export=view&id=1ZNefyo6vMCLUHF67rmAmuS0zYIW1KG_y
[2025-06-06T09:49:25.097Z] INFO: Retrieved data from sheet
[2025-06-06T09:49:25.097Z] INFO: Generating PDF file name and starting PDF creation
[2025-06-06T09:49:25.098Z] INFO: Generating PDF: temp\A_06-06-2568_16-49-25.pdf
[2025-06-06T09:49:50.590Z] INFO: PDF saved to: C:\Users\jiray\WorkPermit\temp\A_06-06-2568_16-49-25.pdf
[2025-06-06T09:49:50.591Z] INFO: PDF generated at: C:\Users\jiray\WorkPermit\temp\A_06-06-2568_16-49-25.pdf
[2025-06-06T09:49:50.592Z] INFO: Uploading C:\Users\jiray\WorkPermit\temp\A_06-06-2568_16-49-25.pdf to Google Drive...
[2025-06-06T09:49:52.611Z] INFO: Upload complete. File ID: 17HsBhdVU8mvTFV6C1u8eV5jYRhtoIPL8
[2025-06-06T09:49:52.611Z] INFO: Uploaded PDF to Drive with fileId: 17HsBhdVU8mvTFV6C1u8eV5jYRhtoIPL8
[2025-06-06T09:49:52.612Z] INFO: Setting permission for file ID: 17HsBhdVU8mvTFV6C1u8eV5jYRhtoIPL8
[2025-06-06T09:49:54.039Z] INFO: Shared file and received URL: https://drive.google.com/file/d/17HsBhdVU8mvTFV6C1u8eV5jYRhtoIPL8/view?usp=sharing
[2025-06-06T09:49:54.040Z] INFO: Checking for existing file at CREATE PDF Form!AH6
[2025-06-06T09:49:55.350Z] INFO: Deleted old file: 1rGCNd6r5A1cK8nR6XdzKbeU7ixtJLJlm
[2025-06-06T09:49:55.351Z] INFO: Deleted old file if existed
[2025-06-06T09:49:55.352Z] INFO: Updating sheet at row 6 with URL: https://drive.google.com/file/d/17HsBhdVU8mvTFV6C1u8eV5jYRhtoIPL8/view?usp=sharing
[2025-06-06T09:49:55.954Z] INFO: Sheet updated successfully at row 6
[2025-06-06T09:49:55.955Z] INFO: Updated sheet with new Drive URL
[2025-06-06T09:49:55.957Z] INFO: Cleaned up temp folder
[2025-06-06T09:57:05.739Z] INFO: Server listening on port 3000
[2025-06-06T09:57:16.008Z] INFO: Received /sheet-updated request
[2025-06-06T09:57:16.009Z] INFO: Processing row number: 6
[2025-06-06T09:57:16.013Z] INFO: Fetching sheet data from range: 'CREATE PDF Form'!A6:AW6
[2025-06-06T09:57:16.985Z] WARN: Signature URL not found for name: นายจิรายุส ทองยศ
[2025-06-06T09:57:16.986Z] INFO: Found signature URL for "นายประเสริฐศักดิ์ เหลือวงศ์": https://drive.google.com/uc?export=view&id=1KXA9o3q_UN1tnlfF-iz0mX9l_xM9Q1qi
[2025-06-06T09:57:16.986Z] INFO: Found signature URL for "นางสาวระพิกร นนท์จุมจัง": https://drive.google.com/uc?export=view&id=1ZNefyo6vMCLUHF67rmAmuS0zYIW1KG_y
[2025-06-06T09:57:16.987Z] INFO: Retrieved data from sheet
[2025-06-06T09:57:16.987Z] INFO: Generating PDF file name and starting PDF creation
[2025-06-06T09:57:16.988Z] INFO: Generating PDF: temp\A_06-06-2568_16-57-16.pdf
[2025-06-06T09:57:41.616Z] INFO: PDF saved to: C:\Users\jiray\WorkPermit\temp\A_06-06-2568_16-57-16.pdf
[2025-06-06T09:57:41.617Z] INFO: PDF generated at: C:\Users\jiray\WorkPermit\temp\A_06-06-2568_16-57-16.pdf
[2025-06-06T09:57:41.617Z] INFO: Uploading C:\Users\jiray\WorkPermit\temp\A_06-06-2568_16-57-16.pdf to Google Drive...
[2025-06-06T09:57:43.443Z] INFO: Upload complete. File ID: 1ICOdkk2Baefg6K1cjdPD94evEyFcdU58
[2025-06-06T09:57:43.444Z] INFO: Uploaded PDF to Drive with fileId: 1ICOdkk2Baefg6K1cjdPD94evEyFcdU58
[2025-06-06T09:57:43.444Z] INFO: Setting permission for file ID: 1ICOdkk2Baefg6K1cjdPD94evEyFcdU58
[2025-06-06T09:57:44.389Z] INFO: Shared file and received URL: https://drive.google.com/file/d/1ICOdkk2Baefg6K1cjdPD94evEyFcdU58/view?usp=sharing
[2025-06-06T09:57:44.389Z] INFO: Checking for existing file at CREATE PDF Form!AH6
[2025-06-06T09:57:45.753Z] INFO: Deleted old file: 17HsBhdVU8mvTFV6C1u8eV5jYRhtoIPL8
[2025-06-06T09:57:45.753Z] INFO: Deleted old file if existed
[2025-06-06T09:57:45.753Z] INFO: Updating sheet at row 6 with URL: https://drive.google.com/file/d/1ICOdkk2Baefg6K1cjdPD94evEyFcdU58/view?usp=sharing
[2025-06-06T09:57:46.390Z] INFO: Sheet updated successfully at row 6
[2025-06-06T09:57:46.391Z] INFO: Updated sheet with new Drive URL
[2025-06-06T09:57:46.392Z] INFO: Cleaned up temp folder
[2025-06-06T09:59:18.025Z] INFO: Server listening on port 3000
[2025-06-06T09:59:27.283Z] INFO: Received /sheet-updated request
[2025-06-06T09:59:27.283Z] INFO: Processing row number: 6
[2025-06-06T09:59:27.286Z] INFO: Fetching sheet data from range: 'CREATE PDF Form'!A6:AW6
[2025-06-06T09:59:28.372Z] WARN: Signature URL not found for name: นายจิรายุส ทองยศ
[2025-06-06T09:59:28.373Z] INFO: Found signature URL for "นายประเสริฐศักดิ์ เหลือวงศ์": https://drive.google.com/uc?export=view&id=1KXA9o3q_UN1tnlfF-iz0mX9l_xM9Q1qi
[2025-06-06T09:59:28.373Z] INFO: Found signature URL for "นางสาวระพิกร นนท์จุมจัง": https://drive.google.com/uc?export=view&id=1ZNefyo6vMCLUHF67rmAmuS0zYIW1KG_y
[2025-06-06T09:59:28.373Z] INFO: Retrieved data from sheet
[2025-06-06T09:59:28.373Z] INFO: Generating PDF file name and starting PDF creation
[2025-06-06T09:59:28.374Z] INFO: Generating PDF: temp\A_06-06-2568_16-59-28.pdf
[2025-06-06T09:59:53.389Z] INFO: PDF saved to: C:\Users\jiray\WorkPermit\temp\A_06-06-2568_16-59-28.pdf
[2025-06-06T09:59:53.390Z] INFO: PDF generated at: C:\Users\jiray\WorkPermit\temp\A_06-06-2568_16-59-28.pdf
[2025-06-06T09:59:53.391Z] INFO: Uploading C:\Users\jiray\WorkPermit\temp\A_06-06-2568_16-59-28.pdf to Google Drive...
[2025-06-06T09:59:55.713Z] INFO: Upload complete. File ID: 1H052qqGJEX6V3YHy_NLA4xkxwvIRDL2j
[2025-06-06T09:59:55.714Z] INFO: Uploaded PDF to Drive with fileId: 1H052qqGJEX6V3YHy_NLA4xkxwvIRDL2j
[2025-06-06T09:59:55.714Z] INFO: Setting permission for file ID: 1H052qqGJEX6V3YHy_NLA4xkxwvIRDL2j
[2025-06-06T09:59:57.038Z] INFO: Shared file and received URL: https://drive.google.com/file/d/1H052qqGJEX6V3YHy_NLA4xkxwvIRDL2j/view?usp=sharing
[2025-06-06T09:59:57.038Z] INFO: Checking for existing file at CREATE PDF Form!AH6
[2025-06-06T09:59:58.281Z] INFO: Deleted old file: 1ICOdkk2Baefg6K1cjdPD94evEyFcdU58
[2025-06-06T09:59:58.281Z] INFO: Deleted old file if existed
[2025-06-06T09:59:58.282Z] INFO: Updating sheet at row 6 with URL: https://drive.google.com/file/d/1H052qqGJEX6V3YHy_NLA4xkxwvIRDL2j/view?usp=sharing
[2025-06-06T09:59:58.898Z] INFO: Sheet updated successfully at row 6
[2025-06-06T09:59:58.898Z] INFO: Updated sheet with new Drive URL
[2025-06-06T09:59:58.901Z] INFO: Cleaned up temp folder
[2025-06-06T10:16:53.489Z] INFO: Server listening on port 3000
[2025-06-06T10:17:25.820Z] INFO: Received /sheet-updated request
[2025-06-06T10:17:25.821Z] INFO: Processing row number: 6
[2025-06-06T10:17:25.825Z] INFO: Fetching sheet data from range: 'CREATE PDF Form'!A6:AW6
[2025-06-06T10:17:27.179Z] WARN: Signature URL not found for name: นายจิรายุส ทองยศ
[2025-06-06T10:17:27.180Z] INFO: Found signature URL for "นายประเสริฐศักดิ์ เหลือวงศ์": https://drive.google.com/uc?export=view&id=1KXA9o3q_UN1tnlfF-iz0mX9l_xM9Q1qi
[2025-06-06T10:17:27.180Z] INFO: Found signature URL for "นางสาวระพิกร นนท์จุมจัง": https://drive.google.com/uc?export=view&id=1ZNefyo6vMCLUHF67rmAmuS0zYIW1KG_y
[2025-06-06T10:17:27.180Z] INFO: Retrieved data from sheet
[2025-06-06T10:17:27.180Z] INFO: Generating PDF file name and starting PDF creation
[2025-06-06T10:17:27.181Z] INFO: Generating PDF: temp\A_06-06-2568_17-17-27.pdf
[2025-06-06T10:17:52.642Z] INFO: PDF saved to: C:\Users\jiray\WorkPermit\temp\A_06-06-2568_17-17-27.pdf
[2025-06-06T10:17:52.642Z] INFO: PDF generated at: C:\Users\jiray\WorkPermit\temp\A_06-06-2568_17-17-27.pdf
[2025-06-06T10:17:52.643Z] INFO: Uploading C:\Users\jiray\WorkPermit\temp\A_06-06-2568_17-17-27.pdf to Google Drive...
[2025-06-06T10:17:54.689Z] INFO: Upload complete. File ID: 1WQ6z0HoE852UxZl8QBPO3z2ZJQ-kolxH
[2025-06-06T10:17:54.690Z] INFO: Uploaded PDF to Drive with fileId: 1WQ6z0HoE852UxZl8QBPO3z2ZJQ-kolxH
[2025-06-06T10:17:54.690Z] INFO: Setting permission for file ID: 1WQ6z0HoE852UxZl8QBPO3z2ZJQ-kolxH
[2025-06-06T10:17:55.659Z] INFO: Shared file and received URL: https://drive.google.com/file/d/1WQ6z0HoE852UxZl8QBPO3z2ZJQ-kolxH/view?usp=sharing
[2025-06-06T10:17:55.660Z] INFO: Checking for existing file at CREATE PDF Form!AH6
[2025-06-06T10:17:57.053Z] INFO: Deleted old file: 1H052qqGJEX6V3YHy_NLA4xkxwvIRDL2j
[2025-06-06T10:17:57.054Z] INFO: Deleted old file if existed
[2025-06-06T10:17:57.054Z] INFO: Updating sheet at row 6 with URL: https://drive.google.com/file/d/1WQ6z0HoE852UxZl8QBPO3z2ZJQ-kolxH/view?usp=sharing
[2025-06-06T10:17:57.683Z] INFO: Sheet updated successfully at row 6
[2025-06-06T10:17:57.683Z] INFO: Updated sheet with new Drive URL
[2025-06-06T10:17:57.685Z] INFO: Cleaned up temp folder
[2025-06-06T10:22:32.467Z] INFO: Server listening on port 3000
[2025-06-06T10:28:37.167Z] INFO: Received /sheet-updated request
[2025-06-06T10:28:37.167Z] INFO: Processing row number: 4
[2025-06-06T10:28:37.170Z] INFO: Fetching sheet data from range: 'CREATE PDF Form'!A4:AW4
[2025-06-06T10:28:38.446Z] WARN: Signature URL not found for name: นางมนัสวี ระพีสา
[2025-06-06T10:28:38.446Z] INFO: Found signature URL for "นายประเสริฐศักดิ์ เหลือวงศ์": https://drive.google.com/uc?export=view&id=1KXA9o3q_UN1tnlfF-iz0mX9l_xM9Q1qi
[2025-06-06T10:28:38.447Z] WARN: Signature URL not found for name: 
[2025-06-06T10:28:38.447Z] INFO: Retrieved data from sheet
[2025-06-06T10:28:38.447Z] INFO: Generating PDF file name and starting PDF creation
[2025-06-06T10:28:38.448Z] INFO: Generating PDF: temp\นายกวินกร_ศรีบุตร_06-06-2568_17-28-38.pdf
[2025-06-06T10:28:54.205Z] INFO: PDF saved to: C:\Users\jiray\WorkPermit\temp\นายกวินกร_ศรีบุตร_06-06-2568_17-28-38.pdf
[2025-06-06T10:28:54.205Z] INFO: PDF generated at: C:\Users\jiray\WorkPermit\temp\นายกวินกร_ศรีบุตร_06-06-2568_17-28-38.pdf
[2025-06-06T10:28:54.206Z] INFO: Uploading C:\Users\jiray\WorkPermit\temp\นายกวินกร_ศรีบุตร_06-06-2568_17-28-38.pdf to Google Drive...
[2025-06-06T10:28:56.430Z] INFO: Upload complete. File ID: 1bWc1elbKekJmXi9XjS7gLERmni2ghDXM
[2025-06-06T10:28:56.431Z] INFO: Uploaded PDF to Drive with fileId: 1bWc1elbKekJmXi9XjS7gLERmni2ghDXM
[2025-06-06T10:28:56.431Z] INFO: Setting permission for file ID: 1bWc1elbKekJmXi9XjS7gLERmni2ghDXM
[2025-06-06T10:28:57.520Z] INFO: Shared file and received URL: https://drive.google.com/file/d/1bWc1elbKekJmXi9XjS7gLERmni2ghDXM/view?usp=sharing
[2025-06-06T10:28:57.521Z] INFO: Checking for existing file at CREATE PDF Form!AH4
[2025-06-06T10:28:59.317Z] INFO: Deleted old file: 1vHw80AL8joxwl-uoUIqyb8w1I5PrLYvA
[2025-06-06T10:28:59.318Z] INFO: Deleted old file if existed
[2025-06-06T10:28:59.319Z] INFO: Updating sheet at row 4 with URL: https://drive.google.com/file/d/1bWc1elbKekJmXi9XjS7gLERmni2ghDXM/view?usp=sharing
[2025-06-06T10:29:00.006Z] INFO: Sheet updated successfully at row 4
[2025-06-06T10:29:00.007Z] INFO: Updated sheet with new Drive URL
[2025-06-06T10:29:00.009Z] INFO: Cleaned up temp folder
[2025-06-06T10:31:15.646Z] INFO: Server listening on port 3000
[2025-06-06T10:31:30.461Z] INFO: Received /sheet-updated request
[2025-06-06T10:31:30.462Z] INFO: Processing row number: 4
[2025-06-06T10:31:30.465Z] INFO: Fetching sheet data from range: 'CREATE PDF Form'!A4:AW4
[2025-06-06T10:31:31.563Z] WARN: Signature URL not found for name: นางมนัสวี ระพีสา
[2025-06-06T10:31:31.563Z] INFO: Found signature URL for "นายประเสริฐศักดิ์ เหลือวงศ์": https://drive.google.com/uc?export=view&id=1KXA9o3q_UN1tnlfF-iz0mX9l_xM9Q1qi
[2025-06-06T10:31:31.564Z] WARN: Signature URL not found for name: 
[2025-06-06T10:31:31.564Z] INFO: Retrieved data from sheet
[2025-06-06T10:31:31.565Z] INFO: Generating PDF file name and starting PDF creation
[2025-06-06T10:31:31.566Z] INFO: Generating PDF: temp\นายกวินกร_ศรีบุตร_06-06-2568_17-31-31.pdf
[2025-06-06T10:31:41.687Z] INFO: Received /sheet-updated request
[2025-06-06T10:31:41.687Z] INFO: Processing row number: 6
[2025-06-06T10:31:41.688Z] INFO: Fetching sheet data from range: 'CREATE PDF Form'!A6:AW6
[2025-06-06T10:31:42.366Z] WARN: Signature URL not found for name: นายจิรายุส ทองยศ
[2025-06-06T10:31:42.366Z] INFO: Found signature URL for "นายประเสริฐศักดิ์ เหลือวงศ์": https://drive.google.com/uc?export=view&id=1KXA9o3q_UN1tnlfF-iz0mX9l_xM9Q1qi
[2025-06-06T10:31:42.367Z] INFO: Found signature URL for "นางสาวระพิกร นนท์จุมจัง": https://drive.google.com/uc?export=view&id=1ZNefyo6vMCLUHF67rmAmuS0zYIW1KG_y
[2025-06-06T10:31:42.367Z] INFO: Retrieved data from sheet
[2025-06-06T10:31:42.367Z] INFO: Generating PDF file name and starting PDF creation
[2025-06-06T10:31:42.367Z] INFO: Generating PDF: temp\A_06-06-2568_17-31-42.pdf
[2025-06-06T10:31:45.196Z] INFO: PDF saved to: C:\Users\jiray\WorkPermit\temp\นายกวินกร_ศรีบุตร_06-06-2568_17-31-31.pdf
[2025-06-06T10:31:45.197Z] INFO: PDF generated at: C:\Users\jiray\WorkPermit\temp\นายกวินกร_ศรีบุตร_06-06-2568_17-31-31.pdf
[2025-06-06T10:31:45.198Z] INFO: Uploading C:\Users\jiray\WorkPermit\temp\นายกวินกร_ศรีบุตร_06-06-2568_17-31-31.pdf to Google Drive...
[2025-06-06T10:31:47.246Z] INFO: Upload complete. File ID: 1Yj1tsAQxv3kmzKwnywtrJ_1HdH9-c4WR
[2025-06-06T10:31:47.247Z] INFO: Uploaded PDF to Drive with fileId: 1Yj1tsAQxv3kmzKwnywtrJ_1HdH9-c4WR
[2025-06-06T10:31:47.247Z] INFO: Setting permission for file ID: 1Yj1tsAQxv3kmzKwnywtrJ_1HdH9-c4WR
[2025-06-06T10:31:49.487Z] INFO: Shared file and received URL: https://drive.google.com/file/d/1Yj1tsAQxv3kmzKwnywtrJ_1HdH9-c4WR/view?usp=sharing
[2025-06-06T10:31:49.488Z] INFO: Checking for existing file at CREATE PDF Form!AH4
[2025-06-06T10:31:51.640Z] INFO: Deleted old file: 1bWc1elbKekJmXi9XjS7gLERmni2ghDXM
[2025-06-06T10:31:51.641Z] INFO: Deleted old file if existed
[2025-06-06T10:31:51.641Z] INFO: Updating sheet at row 4 with URL: https://drive.google.com/file/d/1Yj1tsAQxv3kmzKwnywtrJ_1HdH9-c4WR/view?usp=sharing
[2025-06-06T10:31:52.256Z] INFO: Sheet updated successfully at row 4
[2025-06-06T10:31:52.257Z] INFO: Updated sheet with new Drive URL
[2025-06-06T10:31:52.259Z] INFO: Cleaned up temp folder
[2025-06-06T10:32:06.468Z] INFO: PDF saved to: C:\Users\jiray\WorkPermit\temp\A_06-06-2568_17-31-42.pdf
[2025-06-06T10:32:06.468Z] INFO: PDF generated at: C:\Users\jiray\WorkPermit\temp\A_06-06-2568_17-31-42.pdf
[2025-06-06T10:32:06.468Z] INFO: Uploading C:\Users\jiray\WorkPermit\temp\A_06-06-2568_17-31-42.pdf to Google Drive...
[2025-06-06T10:32:08.714Z] INFO: Upload complete. File ID: 1I6SW0qrPhN3_VkRjnW2tAiAQzT6wyLml
[2025-06-06T10:32:08.715Z] INFO: Uploaded PDF to Drive with fileId: 1I6SW0qrPhN3_VkRjnW2tAiAQzT6wyLml
[2025-06-06T10:32:08.715Z] INFO: Setting permission for file ID: 1I6SW0qrPhN3_VkRjnW2tAiAQzT6wyLml
[2025-06-06T10:32:09.829Z] INFO: Shared file and received URL: https://drive.google.com/file/d/1I6SW0qrPhN3_VkRjnW2tAiAQzT6wyLml/view?usp=sharing
[2025-06-06T10:32:09.829Z] INFO: Checking for existing file at CREATE PDF Form!AH6
[2025-06-06T10:32:11.421Z] INFO: Deleted old file: 1WQ6z0HoE852UxZl8QBPO3z2ZJQ-kolxH
[2025-06-06T10:32:11.421Z] INFO: Deleted old file if existed
[2025-06-06T10:32:11.422Z] INFO: Updating sheet at row 6 with URL: https://drive.google.com/file/d/1I6SW0qrPhN3_VkRjnW2tAiAQzT6wyLml/view?usp=sharing
[2025-06-06T10:32:12.072Z] INFO: Sheet updated successfully at row 6
[2025-06-06T10:32:12.073Z] INFO: Updated sheet with new Drive URL
[2025-06-06T10:32:12.075Z] INFO: Cleaned up temp folder