[2025-06-06T09:49:08.610Z] INFO: Server listening on port 3000
[2025-06-06T09:49:23.914Z] INFO: Received /sheet-updated request
[2025-06-06T09:49:23.915Z] INFO: Processing row number: 6
[2025-06-06T09:49:23.920Z] INFO: Fetching sheet data from range: 'CREATE PDF Form'!A6:AT6
[2025-06-06T09:49:25.095Z] WARN: Signature URL not found for name: 
[2025-06-06T09:49:25.095Z] INFO: Found signature URL for https://drive.google.com/
[2025-06-06T09:49:25.096Z] INFO: Found signature URL for https://drive.google.com/
[2025-06-06T09:49:25.097Z] INFO: Retrieved data from sheet
[2025-06-06T09:49:25.097Z] INFO: Generating PDF file name and starting PDF creation
[2025-06-06T09:49:25.098Z] INFO: Generating PDF: temp\A_06-06-2568_16-49-25.pdf
[2025-06-06T09:49:50.590Z] INFO: PDF saved to: C:\Users\ji\WorkPermit\temp\A_06-06-2568_16-49-25.pdf
[2025-06-06T09:49:50.591Z] INFO: PDF generated at: C:\Users\jiray\WorkPermit\temp\A_06-06-2568_16-49-25.pdf
[2025-06-06T09:49:50.592Z] INFO: Uploading C:\Users\ji\WorkPermit\temp\A_06-06-2568_16-49-25.pdf to Google Drive...
[2025-06-06T09:49:52.611Z] INFO: Upload complete. File ID: 17HsBhdVU8mvTFV6C1u8eV5jYRhtoIPL8
[2025-06-06T09:49:52.611Z] INFO: Uploaded PDF to Drive with fileId: 17HsBhdVU8mvTFV6C1u8eV5jYRhtoIPL8
[2025-06-06T09:49:52.612Z] INFO: Setting permission for file ID: 17HsBhdVU8mvTFV6C1u8eV5jYRhtoIPL8
[2025-06-06T09:49:54.039Z] INFO: Shared file and received URL: https://drive.google.com/
[2025-06-06T09:49:54.040Z] INFO: Checking for existing file at CREATE PDF Form!AH6
[2025-06-06T09:49:55.350Z] INFO: Deleted old file: 1rGCNd6r5A1cK8nR6XdzKbeU7ixtJLJlm
[2025-06-06T09:49:55.351Z] INFO: Deleted old file if existed
[2025-06-06T09:49:55.352Z] INFO: Updating sheet at row 6 with URL: https://drive.google.com/
[2025-06-06T09:49:55.954Z] INFO: Sheet updated successfully at row 6
[2025-06-06T09:49:55.955Z] INFO: Updated sheet with new Drive URL
[2025-06-06T09:49:55.957Z] INFO: Cleaned up temp folder
[2025-06-06T10:32:11.422Z] INFO: Updating sheet at row 6 with URL: https://drive.google.com/
[2025-06-06T10:32:12.072Z] INFO: Sheet updated successfully at row 6
[2025-06-06T10:32:12.073Z] INFO: Updated sheet with new Drive URL
[2025-06-06T10:32:12.075Z] INFO: Cleaned up temp folder
